# JRE version: OpenJDK Runtime Environment (Red_Hat-21.0.8.0.9-1) (21.0.8+9) (build 21.0.8+9)
# Java VM: OpenJDK 64-Bit Server VM (Red_Hat-21.0.8.0.9-1) (21.0.8+9, mixed mode, sharing, tiered, compressed oops, compressed class ptrs, g1 gc, linux-amd64)
GC Precious Log:
 CardTable entry size: 512
 Card Set container configuration: InlinePtr #cards 4 size 8 Array Of Cards #cards 16 size 48 Howl #buckets 8 coarsen threshold 3686 Howl Bitmap #cards 512 size 80 coarsen threshold 460 Card regions per heap region 1 cards per card region 4096
 CPUs: 12 total, 12 available
 Memory: 15718M
 Large Page Support: Disabled
 NUMA Support: Disabled
 Compressed Oops: Enabled (Zero based)
 Heap Region Size: 2M
 Heap Min Capacity: 8M
 Heap Initial Capacity: 246M
 Heap Max Capacity: 3930M
 Pre-touch: Disabled
 Parallel Workers: 10
 Concurrent Workers: 3
 Concurrent Refinement Workers: 10
 Periodic GC: Disabled
Heap:
 garbage-first heap   total 63488K, used 50048K [0x000000070a600000, 0x0000000800000000)
  region size 2048K, 3 young (6144K), 1 survivors (2048K)
 Metaspace       used 46439K, committed 46976K, reserved 1114112K
  class space    used 5732K, committed 5952K, reserved 1048576K
GC Heap History (20 events):
Event: 2.461 GC heap before
{Heap before GC invocations=0 (full 0):
 garbage-first heap   total 253952K, used 29747K [0x000000070a600000, 0x0000000800000000)
  region size 2048K, 11 young (22528K), 0 survivors (0K)
 Metaspace       used 12259K, committed 12544K, reserved 1114112K
  class space    used 1273K, committed 1408K, reserved 1048576K
}
Event: 2.464 GC heap after
{Heap after GC invocations=1 (full 0):
 garbage-first heap   total 253952K, used 9968K [0x000000070a600000, 0x0000000800000000)
  region size 2048K, 2 young (4096K), 2 survivors (4096K)
 Metaspace       used 12259K, committed 12544K, reserved 1114112K
  class space    used 1273K, committed 1408K, reserved 1048576K
}
Event: 37.749 GC heap before
{Heap before GC invocations=1 (full 0):
 garbage-first heap   total 253952K, used 36592K [0x000000070a600000, 0x0000000800000000)
  region size 2048K, 16 young (32768K), 2 survivors (4096K)
 Metaspace       used 21205K, committed 21504K, reserved 1114112K
  class space    used 2293K, committed 2432K, reserved 1048576K
}
Event: 37.752 GC heap after
{Heap after GC invocations=2 (full 0):
 garbage-first heap   total 253952K, used 12513K [0x000000070a600000, 0x0000000800000000)
  region size 2048K, 2 young (4096K), 2 survivors (4096K)
 Metaspace       used 21205K, committed 21504K, reserved 1114112K
  class space    used 2293K, committed 2432K, reserved 1048576K
}
Event: 53.662 GC heap before
{Heap before GC invocations=3 (full 0):
 garbage-first heap   total 55296K, used 49377K [0x000000070a600000, 0x0000000800000000)
  region size 2048K, 21 young (43008K), 2 survivors (4096K)
 Metaspace       used 29649K, committed 29952K, reserved 1114112K
  class space    used 3396K, committed 3520K, reserved 1048576K
}
Event: 53.665 GC heap after
{Heap after GC invocations=4 (full 0):
 garbage-first heap   total 63488K, used 16822K [0x000000070a600000, 0x0000000800000000)
  region size 2048K, 4 young (8192K), 4 survivors (8192K)
 Metaspace       used 29649K, committed 29952K, reserved 1114112K
  class space    used 3396K, committed 3520K, reserved 1048576K
}
Event: 53.964 GC heap before
{Heap before GC invocations=4 (full 0):
 garbage-first heap   total 63488K, used 39350K [0x000000070a600000, 0x0000000800000000)
  region size 2048K, 15 young (30720K), 4 survivors (8192K)
 Metaspace       used 35770K, committed 36096K, reserved 1114112K
  class space    used 4569K, committed 4736K, reserved 1048576K
}
Event: 53.967 GC heap after
{Heap after GC invocations=5 (full 0):
 garbage-first heap   total 63488K, used 20945K [0x000000070a600000, 0x0000000800000000)
  region size 2048K, 2 young (4096K), 2 survivors (4096K)
 Metaspace       used 35770K, committed 36096K, reserved 1114112K
  class space    used 4569K, committed 4736K, reserved 1048576K
}
Event: 55.633 GC heap before
{Heap before GC invocations=5 (full 0):
 garbage-first heap   total 63488K, used 22993K [0x000000070a600000, 0x0000000800000000)
  region size 2048K, 4 young (8192K), 2 survivors (4096K)
 Metaspace       used 36122K, committed 36416K, reserved 1114112K
  class space    used 4599K, committed 4736K, reserved 1048576K
}
Event: 55.634 GC heap after
{Heap after GC invocations=6 (full 0):
 garbage-first heap   total 63488K, used 24650K [0x000000070a600000, 0x0000000800000000)
  region size 2048K, 2 young (4096K), 2 survivors (4096K)
 Metaspace       used 36122K, committed 36416K, reserved 1114112K
  class space    used 4599K, committed 4736K, reserved 1048576K
}
Event: 59.874 GC heap before
{Heap before GC invocations=7 (full 0):
 garbage-first heap   total 63488K, used 43082K [0x000000070a600000, 0x0000000800000000)
  region size 2048K, 12 young (24576K), 2 survivors (4096K)
 Metaspace       used 45145K, committed 45632K, reserved 1114112K
  class space    used 5653K, committed 5888K, reserved 1048576K
}
Event: 59.876 GC heap after
{Heap after GC invocations=8 (full 0):
 garbage-first heap   total 63488K, used 25651K [0x000000070a600000, 0x0000000800000000)
  region size 2048K, 2 young (4096K), 2 survivors (4096K)
 Metaspace       used 45145K, committed 45632K, reserved 1114112K
  class space    used 5653K, committed 5888K, reserved 1048576K
}
Event: 60.670 GC heap before
{Heap before GC invocations=8 (full 0):
 garbage-first heap   total 63488K, used 44083K [0x000000070a600000, 0x0000000800000000)
  region size 2048K, 12 young (24576K), 2 survivors (4096K)
 Metaspace       used 45955K, committed 46528K, reserved 1114112K
  class space    used 5697K, committed 5952K, reserved 1048576K
}
Event: 60.675 GC heap after
{Heap after GC invocations=9 (full 0):
 garbage-first heap   total 63488K, used 26443K [0x000000070a600000, 0x0000000800000000)
  region size 2048K, 1 young (2048K), 1 survivors (2048K)
 Metaspace       used 45955K, committed 46528K, reserved 1114112K
  class space    used 5697K, committed 5952K, reserved 1048576K
}
Event: 60.845 GC heap before
{Heap before GC invocations=9 (full 0):
 garbage-first heap   total 63488K, used 44875K [0x000000070a600000, 0x0000000800000000)
  region size 2048K, 11 young (22528K), 1 survivors (2048K)
 Metaspace       used 46201K, committed 46720K, reserved 1114112K
  class space    used 5718K, committed 5952K, reserved 1048576K
}
Event: 60.846 GC heap after
{Heap after GC invocations=10 (full 0):
 garbage-first heap   total 63488K, used 26416K [0x000000070a600000, 0x0000000800000000)
  region size 2048K, 1 young (2048K), 1 survivors (2048K)
 Metaspace       used 46201K, committed 46720K, reserved 1114112K
  class space    used 5718K, committed 5952K, reserved 1048576K
}
Event: 60.985 GC heap before
{Heap before GC invocations=10 (full 0):
 garbage-first heap   total 63488K, used 46896K [0x000000070a600000, 0x0000000800000000)
  region size 2048K, 12 young (24576K), 1 survivors (2048K)
 Metaspace       used 46255K, committed 46784K, reserved 1114112K
  class space    used 5719K, committed 5952K, reserved 1048576K
}
Event: 60.988 GC heap after
{Heap after GC invocations=11 (full 0):
 garbage-first heap   total 63488K, used 26412K [0x000000070a600000, 0x0000000800000000)
  region size 2048K, 1 young (2048K), 1 survivors (2048K)
 Metaspace       used 46255K, committed 46784K, reserved 1114112K
  class space    used 5719K, committed 5952K, reserved 1048576K
}
Event: 61.434 GC heap before
{Heap before GC invocations=11 (full 0):
 garbage-first heap   total 63488K, used 34604K [0x000000070a600000, 0x0000000800000000)
  region size 2048K, 6 young (12288K), 1 survivors (2048K)
 Metaspace       used 46300K, committed 46784K, reserved 1114112K
  class space    used 5720K, committed 5952K, reserved 1048576K
}
Event: 61.438 GC heap after
{Heap after GC invocations=12 (full 0):
 garbage-first heap   total 63488K, used 29568K [0x000000070a600000, 0x0000000800000000)
  region size 2048K, 1 young (2048K), 1 survivors (2048K)
 Metaspace       used 46300K, committed 46784K, reserved 1114112K
  class space    used 5720K, committed 5952K, reserved 1048576K
}

